<?xml version="1.0" encoding="UTF-8"?>
<!-- Generated by org.testng.reporters.JUnitReportReporter -->
<testsuite hostname="IN2-1025604LT" failures="0" tests="1" name="Automation.TestNG.NewTest" time="189.711" errors="0" timestamp="2023-06-23T09:25:28 IST" skipped="0">
  <testcase classname="Automation.TestNG.NewTest" name="f" time="189.711"/>
  <system-out/>
</testsuite> <!-- Automation.TestNG.NewTest -->
