<?xml version="1.0" encoding="UTF-8"?>
<!-- Generated by org.testng.reporters.JUnitReportReporter -->
<testsuite hostname="IN2-1025604LT" failures="0" tests="1" name="Automation.TestNG.NewTest" time="164.710" errors="0" timestamp="2023-06-22T00:54:19 IST" skipped="0">
  <testcase classname="Automation.TestNG.NewTest" name="f" time="164.710"/>
  <system-out/>
</testsuite> <!-- Automation.TestNG.NewTest -->
